Change Physical Footprint: Designator=Cboot1 Old Footprint=CAP_GRM_155_MUR New Footprint=CAP_GRM_155_MUR
Change Physical Footprint: Designator=Cbst1 Old Footprint=FP-C0805C-DN-MFG New Footprint=FP-C0805C-DN-MFG
Change Physical Footprint: Designator=Cff1 Old Footprint=FP-CGA1A-0_1-0_03-IPC_C New Footprint=FP-CGA1A-0_1-0_03-IPC_C
Change Physical Footprint: Designator=Cin1 Old Footprint=FP-C3216-160-MFG New Footprint=FP-C3216-160-MFG
Change Physical Footprint: Designator=Cinx1 Old Footprint=CAPC1608X90X35NL10T15 New Footprint=CAPC1608X90X35NL10T15
Change Physical Footprint: Designator=Cinx2 Old Footprint=FP-C0805C-DN-MFG New Footprint=FP-C0805C-DN-MFG
Change Physical Footprint: Designator=Coutx1 Old Footprint=CAPC1608X90X35LL10T15 New Footprint=CAPC1608X90X35LL10T15
Change Physical Footprint: Designator=Css1 Old Footprint=FP-CC0402-MFG New Footprint=FP-CC0402-MFG
Change Physical Footprint: Designator=Cvcc1 Old Footprint=CAP_1005_TDK New Footprint=CAP_1005_TDK
Change Physical Footprint: Designator=J1 Old Footprint=AMASS_XT60-M New Footprint=AMASS_XT60-M
Change Physical Footprint: Designator=J1_MOUT1 Old Footprint=Molex_22-03-5035_0 New Footprint=Molex_22-03-5035_0
Change Physical Footprint: Designator=J1_MOUT2 Old Footprint=Molex_22-03-5035_0 New Footprint=Molex_22-03-5035_0
Change Physical Footprint: Designator=J1_MOUT3 Old Footprint=Molex_22-03-5035_0 New Footprint=Molex_22-03-5035_0
Change Physical Footprint: Designator=J1_MOUT4 Old Footprint=Molex_22-03-5035_0 New Footprint=Molex_22-03-5035_0
Change Physical Footprint: Designator=J1_MOUT5 Old Footprint=Molex_22-03-5035_0 New Footprint=Molex_22-03-5035_0
Change Physical Footprint: Designator=J1_MOUT6 Old Footprint=Molex_22-03-5035_0 New Footprint=Molex_22-03-5035_0
Change Physical Footprint: Designator=J1_MOUT7 Old Footprint=Molex_22-03-5035_0 New Footprint=Molex_22-03-5035_0
Change Physical Footprint: Designator=J1_MOUT8 Old Footprint=Molex_22-03-5035_0 New Footprint=Molex_22-03-5035_0
Change Physical Footprint: Designator=J2 Old Footprint=ESQ-120-XX-X-D New Footprint=ESQ-120-XX-X-D
Change Physical Footprint: Designator=L1 Old Footprint=FP-XAL5030-222MEB-MFG New Footprint=FP-XAL5030-222MEB-MFG
Change Physical Footprint: Designator=R1_MOUT1 Old Footprint=RESC1005X40X25NL05T05 New Footprint=RESC1005X40X25NL05T05
Change Physical Footprint: Designator=R1_MOUT2 Old Footprint=RESC1005X40X25NL05T05 New Footprint=RESC1005X40X25NL05T05
Change Physical Footprint: Designator=R1_MOUT3 Old Footprint=RESC1005X40X25NL05T05 New Footprint=RESC1005X40X25NL05T05
Change Physical Footprint: Designator=R1_MOUT4 Old Footprint=RESC1005X40X25NL05T05 New Footprint=RESC1005X40X25NL05T05
Change Physical Footprint: Designator=R1_MOUT5 Old Footprint=RESC1005X40X25NL05T05 New Footprint=RESC1005X40X25NL05T05
Change Physical Footprint: Designator=R1_MOUT6 Old Footprint=RESC1005X40X25NL05T05 New Footprint=RESC1005X40X25NL05T05
Change Physical Footprint: Designator=R1_MOUT7 Old Footprint=RESC1005X40X25NL05T05 New Footprint=RESC1005X40X25NL05T05
Change Physical Footprint: Designator=R1_MOUT8 Old Footprint=RESC1005X40X25NL05T05 New Footprint=RESC1005X40X25NL05T05
Change Physical Footprint: Designator=R2 Old Footprint=RESC1005X40X25NL05T05 New Footprint=RESC1005X40X25NL05T05
Change Physical Footprint: Designator=R3 Old Footprint=RESC1005X40X25NL05T05 New Footprint=RESC1005X40X25NL05T05
Change Physical Footprint: Designator=Rfbb1 Old Footprint=RESC1609X50X30LL10T20 New Footprint=RESC1609X50X30LL10T20
Change Physical Footprint: Designator=Rfbb2 Old Footprint=RESC1609X50X30NL8T20 New Footprint=RESC1609X50X30NL8T20
Change Physical Footprint: Designator=Rfbt1 Old Footprint=RESC1608X55X25ML10T15 New Footprint=RESC1608X55X25ML10T15
Change Physical Footprint: Designator=Rfbt2 Old Footprint=RESC1609X50X30LL10T20 New Footprint=RESC1609X50X30LL10T20
Change Physical Footprint: Designator=TB1 Old Footprint=MODULE_STM32F4DISCOVERY New Footprint=MODULE_STM32F4DISCOVERY
Change Physical Footprint: Designator=U1 Old Footprint=QFN_231RQFR_TEX New Footprint=QFN_231RQFR_TEX
Change Physical Footprint: Designator=U2 Old Footprint=FP-DDC0006A-MFG New Footprint=FP-DDC0006A-MFG
