Added Component: Designator=J1_MOUT7(Molex_22-03-5035_0)
Add component (AddParameter): Name = "Category 75Fab8F04590Ae3D"; Value = "Connectors and Adapters"; VariantName = "[No Variations]"
Add component (AddParameter): Name = "Category 0836C53C3D42D3F1"; Value = "Connectors"; VariantName = "[No Variations]"
Add component (AddParameter): Name = "Category E7012A0Bd22E3Cc6"; Value = "Headers & Receptacles"; VariantName = "[No Variations]"
Add component (AddParameter): Name = "ComponentLink1Description"; Value = "Upverter"; VariantName = "[No Variations]"
Add component (AddParameter): Name = "ComponentLink1URL"; Value = "https://upverter.com/upn/revision/5f4eec58f2a5589a/"; VariantName = "[No Variations]"
Add component (AddParameter): Name = "ComponentLink2Description"; Value = "Datasheet"; VariantName = "[No Variations]"
Add component (AddParameter): Name = "ComponentLink2URL"; Value = "http://www.molex.com/pdm_docs/sd/022035035_sd.pdf"; VariantName = "[No Variations]"
Add component (AddParameter): Name = "contact_material"; Value = "Brass"; VariantName = "[No Variations]"
Add component (AddParameter): Name = "contact_plating"; Value = "Tin"; VariantName = "[No Variations]"
Add component (AddParameter): Name = "contact_resistance"; Value = "20mO"; VariantName = "[No Variations]"
Add component (AddParameter): Name = "current_rating"; Value = "3A"; VariantName = "[No Variations]"
Add component (AddParameter): Name = "Digikey Description"; Value = "CONN 3 Positions Header Connector 0.098" (2.50mm) Through Hole Tin"; VariantName = "[No Variations]"
Add component (AddParameter): Name = "Digikey Part Number"; Value = "WM18887-ND"; VariantName = "[No Variations]"
Add component (AddParameter): Name = "flammability_rating"; Value = "UL 94 V-0"; VariantName = "[No Variations]"
Add component (AddParameter): Name = "gender"; Value = "Female"; VariantName = "[No Variations]"
Add component (AddParameter): Name = "glow_wire_compliant"; Value = "Non-Compliant"; VariantName = "[No Variations]"
Add component (AddParameter): Name = "halogen_free_status"; Value = "Not Low Halogen"; VariantName = "[No Variations]"
Add component (AddParameter): Name = "helpURL"; Value = "https://upverter.com/upn/revision/5f4eec58f2a5589a/"; VariantName = "[No Variations]"
Add component (AddParameter): Name = "insulation_resistance"; Value = "1GO"; VariantName = "[No Variations]"
Add component (AddParameter): Name = "Lead Free"; Value = "yes"; VariantName = "[No Variations]"
Add component (AddParameter): Name = "lifecycle_status"; Value = "Active"; VariantName = "[No Variations]"
Add component (AddParameter): Name = "Manufacturer"; Value = "Molex"; VariantName = "[No Variations]"
Add component (AddParameter): Name = "Mounting Type"; Value = "pcb"; VariantName = "[No Variations]"
Add component (AddParameter): Name = "Mouser Part Number"; Value = "538-22-03-5035"; VariantName = "[No Variations]"
Add component (AddParameter): Name = "Num Pins"; Value = "3"; VariantName = "[No Variations]"
Add component (AddParameter): Name = "number_of_circuits"; Value = "3"; VariantName = "[No Variations]"
Add component (AddParameter): Name = "number_of_contacts"; Value = "3"; VariantName = "[No Variations]"
Add component (AddParameter): Name = "number_of_positions"; Value = "3"; VariantName = "[No Variations]"
Add component (AddParameter): Name = "number_of_rows"; Value = "1"; VariantName = "[No Variations]"
Add component (AddParameter): Name = "Octopart Part Number"; Value = "2021e92f3fb6ffe6"; VariantName = "[No Variations]"
Add component (AddParameter): Name = "orientation"; Value = "Vertical"; VariantName = "[No Variations]"
Add component (AddParameter): Name = "Package"; Value = "CONN_PTH_HDR3"; VariantName = "[No Variations]"
Add component (AddParameter): Name = "Part Number"; Value = "22-03-5035"; VariantName = "[No Variations]"
Add component (AddParameter): Name = "pin_pitch"; Value = "2.5mm"; VariantName = "[No Variations]"
Add component (AddParameter): Name = "Price"; Value = "0.362417304973"; VariantName = "[No Variations]"
Add component (AddParameter): Name = "RoHS"; Value = "TRUE"; VariantName = "[No Variations]"
Add component (AddParameter): Name = "shrouded"; Value = "Yes"; VariantName = "[No Variations]"
Add component (AddParameter): Name = "size_height"; Value = "5.9mm"; VariantName = "[No Variations]"
Add component (AddParameter): Name = "size_length"; Value = "9.9mm"; VariantName = "[No Variations]"
Add component (AddParameter): Name = "size_width"; Value = "4.9mm"; VariantName = "[No Variations]"
Add component (AddParameter): Name = "Supplier 1"; Value = "Digi-Key"; VariantName = "[No Variations]"
Add component (AddParameter): Name = "Supplier 2"; Value = "Mouser"; VariantName = "[No Variations]"
Add component (AddParameter): Name = "Supplier Part Number 1"; Value = "WM18887-ND"; VariantName = "[No Variations]"
Add component (AddParameter): Name = "Supplier Part Number 2"; Value = "538-22-03-5035"; VariantName = "[No Variations]"
Add component (AddParameter): Name = "Temperature"; Value = "-40°C to +105°C"; VariantName = "[No Variations]"
Add component (AddParameter): Name = "Temperature Range High"; Value = "+105°C"; VariantName = "[No Variations]"
Add component (AddParameter): Name = "Temperature Range Low"; Value = "-40°C"; VariantName = "[No Variations]"
Add component (AddParameter): Name = "voltage_rating_ac"; Value = "250V"; VariantName = "[No Variations]"
Add component (AddParameter): Name = "voltage_rating_dc"; Value = "250V"; VariantName = "[No Variations]"
Added Component: Designator=J1_MOUT8(Molex_22-03-5035_0)
Add component (AddParameter): Name = "Category 75Fab8F04590Ae3D"; Value = "Connectors and Adapters"; VariantName = "[No Variations]"
Add component (AddParameter): Name = "Category 0836C53C3D42D3F1"; Value = "Connectors"; VariantName = "[No Variations]"
Add component (AddParameter): Name = "Category E7012A0Bd22E3Cc6"; Value = "Headers & Receptacles"; VariantName = "[No Variations]"
Add component (AddParameter): Name = "ComponentLink1Description"; Value = "Upverter"; VariantName = "[No Variations]"
Add component (AddParameter): Name = "ComponentLink1URL"; Value = "https://upverter.com/upn/revision/5f4eec58f2a5589a/"; VariantName = "[No Variations]"
Add component (AddParameter): Name = "ComponentLink2Description"; Value = "Datasheet"; VariantName = "[No Variations]"
Add component (AddParameter): Name = "ComponentLink2URL"; Value = "http://www.molex.com/pdm_docs/sd/022035035_sd.pdf"; VariantName = "[No Variations]"
Add component (AddParameter): Name = "contact_material"; Value = "Brass"; VariantName = "[No Variations]"
Add component (AddParameter): Name = "contact_plating"; Value = "Tin"; VariantName = "[No Variations]"
Add component (AddParameter): Name = "contact_resistance"; Value = "20mO"; VariantName = "[No Variations]"
Add component (AddParameter): Name = "current_rating"; Value = "3A"; VariantName = "[No Variations]"
Add component (AddParameter): Name = "Digikey Description"; Value = "CONN 3 Positions Header Connector 0.098" (2.50mm) Through Hole Tin"; VariantName = "[No Variations]"
Add component (AddParameter): Name = "Digikey Part Number"; Value = "WM18887-ND"; VariantName = "[No Variations]"
Add component (AddParameter): Name = "flammability_rating"; Value = "UL 94 V-0"; VariantName = "[No Variations]"
Add component (AddParameter): Name = "gender"; Value = "Female"; VariantName = "[No Variations]"
Add component (AddParameter): Name = "glow_wire_compliant"; Value = "Non-Compliant"; VariantName = "[No Variations]"
Add component (AddParameter): Name = "halogen_free_status"; Value = "Not Low Halogen"; VariantName = "[No Variations]"
Add component (AddParameter): Name = "helpURL"; Value = "https://upverter.com/upn/revision/5f4eec58f2a5589a/"; VariantName = "[No Variations]"
Add component (AddParameter): Name = "insulation_resistance"; Value = "1GO"; VariantName = "[No Variations]"
Add component (AddParameter): Name = "Lead Free"; Value = "yes"; VariantName = "[No Variations]"
Add component (AddParameter): Name = "lifecycle_status"; Value = "Active"; VariantName = "[No Variations]"
Add component (AddParameter): Name = "Manufacturer"; Value = "Molex"; VariantName = "[No Variations]"
Add component (AddParameter): Name = "Mounting Type"; Value = "pcb"; VariantName = "[No Variations]"
Add component (AddParameter): Name = "Mouser Part Number"; Value = "538-22-03-5035"; VariantName = "[No Variations]"
Add component (AddParameter): Name = "Num Pins"; Value = "3"; VariantName = "[No Variations]"
Add component (AddParameter): Name = "number_of_circuits"; Value = "3"; VariantName = "[No Variations]"
Add component (AddParameter): Name = "number_of_contacts"; Value = "3"; VariantName = "[No Variations]"
Add component (AddParameter): Name = "number_of_positions"; Value = "3"; VariantName = "[No Variations]"
Add component (AddParameter): Name = "number_of_rows"; Value = "1"; VariantName = "[No Variations]"
Add component (AddParameter): Name = "Octopart Part Number"; Value = "2021e92f3fb6ffe6"; VariantName = "[No Variations]"
Add component (AddParameter): Name = "orientation"; Value = "Vertical"; VariantName = "[No Variations]"
Add component (AddParameter): Name = "Package"; Value = "CONN_PTH_HDR3"; VariantName = "[No Variations]"
Add component (AddParameter): Name = "Part Number"; Value = "22-03-5035"; VariantName = "[No Variations]"
Add component (AddParameter): Name = "pin_pitch"; Value = "2.5mm"; VariantName = "[No Variations]"
Add component (AddParameter): Name = "Price"; Value = "0.362417304973"; VariantName = "[No Variations]"
Add component (AddParameter): Name = "RoHS"; Value = "TRUE"; VariantName = "[No Variations]"
Add component (AddParameter): Name = "shrouded"; Value = "Yes"; VariantName = "[No Variations]"
Add component (AddParameter): Name = "size_height"; Value = "5.9mm"; VariantName = "[No Variations]"
Add component (AddParameter): Name = "size_length"; Value = "9.9mm"; VariantName = "[No Variations]"
Add component (AddParameter): Name = "size_width"; Value = "4.9mm"; VariantName = "[No Variations]"
Add component (AddParameter): Name = "Supplier 1"; Value = "Digi-Key"; VariantName = "[No Variations]"
Add component (AddParameter): Name = "Supplier 2"; Value = "Mouser"; VariantName = "[No Variations]"
Add component (AddParameter): Name = "Supplier Part Number 1"; Value = "WM18887-ND"; VariantName = "[No Variations]"
Add component (AddParameter): Name = "Supplier Part Number 2"; Value = "538-22-03-5035"; VariantName = "[No Variations]"
Add component (AddParameter): Name = "Temperature"; Value = "-40°C to +105°C"; VariantName = "[No Variations]"
Add component (AddParameter): Name = "Temperature Range High"; Value = "+105°C"; VariantName = "[No Variations]"
Add component (AddParameter): Name = "Temperature Range Low"; Value = "-40°C"; VariantName = "[No Variations]"
Add component (AddParameter): Name = "voltage_rating_ac"; Value = "250V"; VariantName = "[No Variations]"
Add component (AddParameter): Name = "voltage_rating_dc"; Value = "250V"; VariantName = "[No Variations]"
Added Component: Designator=J2(ESQ-120-XX-X-D)
Add component (AddParameter): Name = "Digi-Key_Part_Number"; Value = "ESQ-120-38-S-D-ND"; VariantName = "[No Variations]"
Add component (AddParameter): Name = "Digi-Key_Purchase_URL"; Value = "https://www.digikey.com/product-detail/en/samtec-inc/ESQ-120-38-S-D/ESQ-120-38-S-D-ND/7098755?utm_source=snapeda&utm_medium=aggregator&utm_campaign=symbol"; VariantName = "[No Variations]"
Add component (AddParameter): Name = "MF"; Value = "Samtec"; VariantName = "[No Variations]"
Add component (AddParameter): Name = "MP"; Value = "ESQ-120-38-S-D"; VariantName = "[No Variations]"
Add component (AddParameter): Name = "Package"; Value = "None"; VariantName = "[No Variations]"
Add component (AddParameter): Name = "SnapEDA_Link"; Value = "https://www.snapeda.com/parts/ESQ-120-38-S-D/Samtec%20Inc/view-part/786160/?ref=snap"; VariantName = "[No Variations]"
Add component (AddParameter): Name = "Value"; Value = ""; VariantName = "[No Variations]"
Added Component: Designator=R1_MOUT7(RESC1005X40X25NL05T05)
Add component (AddParameter): Name = "Manufacturer"; Value = "Vishay Dale"; VariantName = "[No Variations]"
Add component (AddParameter): Name = "Part Number"; Value = "CRCW040210K0FKED"; VariantName = "[No Variations]"
Added Component: Designator=R1_MOUT8(RESC1005X40X25NL05T05)
Add component (AddParameter): Name = "Manufacturer"; Value = "Vishay Dale"; VariantName = "[No Variations]"
Add component (AddParameter): Name = "Part Number"; Value = "CRCW040210K0FKED"; VariantName = "[No Variations]"
Added Pin To Net: NetName=GND Pin=J1_MOUT7-1
Added Pin To Net: NetName=VBAT Pin=J1_MOUT7-2
Added Pin To Net: NetName=GND Pin=J1_MOUT8-1
Added Pin To Net: NetName=VBAT Pin=J1_MOUT8-2
Added Pin To Net: NetName=3V3 Pin=R1_MOUT7-2
Added Pin To Net: NetName=3V3 Pin=R1_MOUT8-2
Added Pin To Net: NetName=DATA7 Pin=J1_MOUT7-3
Added Pin To Net: NetName=DATA7 Pin=R1_MOUT7-1
Added Net: Name=DATA7
Added Pin To Net: NetName=DATA8 Pin=J1_MOUT8-3
Added Pin To Net: NetName=DATA8 Pin=R1_MOUT8-1
Added Net: Name=DATA8
Added Class: Name=MOUT7
Added Class: Name=MOUT8
Added Member To Class: ClassName=PCB Member=Component J2 ESQ-120-XX-X-D
Added Room: Name=MOUT7
Added Room: Name=MOUT8
